\BOOKMARK [1][-]{section.1}{Introduction}{}% 1
\BOOKMARK [1][-]{section.2}{Theory}{}% 2
\BOOKMARK [2][-]{subsection.2.1}{Diode Laser}{section.2}% 3
\BOOKMARK [2][-]{subsection.2.2}{Generation of Harmonics by Nonlinearities}{section.2}% 4
\BOOKMARK [2][-]{subsection.2.3}{Birefringence and Retardation Plates}{section.2}% 5
\BOOKMARK [2][-]{subsection.2.4}{Phase Matching}{section.2}% 6
\BOOKMARK [2][-]{subsection.2.5}{Gaussian Beams}{section.2}% 7
\BOOKMARK [2][-]{subsection.2.6}{Determination of Wavelengths with Gratings}{section.2}% 8
\BOOKMARK [2][-]{subsection.2.7}{Michelson Interferometer}{section.2}% 9
\BOOKMARK [1][-]{section.3}{Experimental Set-Up and Measurements}{}% 10
\BOOKMARK [2][-]{subsection.3.1}{Diode Laser and Power Measurement}{section.3}% 11
\BOOKMARK [3][-]{subsubsection.3.1.1}{Laser Output Power vs. Injection Current}{subsection.3.1}% 12
\BOOKMARK [3][-]{subsubsection.3.1.2}{Calibration of the variable Attenuator}{subsection.3.1}% 13
\BOOKMARK [2][-]{subsection.3.2}{Focussing the Laser Beam into the Crystal and Optimizing the Harmonic Power}{section.3}% 14
\BOOKMARK [3][-]{subsubsection.3.2.1}{Optimization of Second Harmonic Power}{subsection.3.2}% 15
\BOOKMARK [2][-]{subsection.3.3}{Properties of Second-Harmonic Generation}{section.3}% 16
\BOOKMARK [3][-]{subsubsection.3.3.1}{Harmonic Power vs. Crystal Temperature}{subsection.3.3}% 17
\BOOKMARK [3][-]{subsubsection.3.3.2}{Harmonic Power vs. Fundamental Power}{subsection.3.3}% 18
\BOOKMARK [3][-]{subsubsection.3.3.3}{Harmonic Power vs. Polarization of Fundamental Wave}{subsection.3.3}% 19
\BOOKMARK [2][-]{subsection.3.4}{Comparison of the Wavelengths of Fundamental and Harmonic Waves}{section.3}% 20
\BOOKMARK [3][-]{subsubsection.3.4.1}{Diffraction grating}{subsection.3.4}% 21
\BOOKMARK [2][-]{subsection.3.5}{Interferometric Comparison using Michelson Interferometer}{section.3}% 22
\BOOKMARK [1][-]{section.4}{Analysis}{}% 23
\BOOKMARK [2][-]{subsection.4.1}{Diode Laser and Power Measurement}{section.4}% 24
\BOOKMARK [3][-]{subsubsection.4.1.1}{Laser Output Power vs. Injection Current}{subsection.4.1}% 25
\BOOKMARK [3][-]{subsubsection.4.1.2}{Calibration of the variable Attenuator}{subsection.4.1}% 26
\BOOKMARK [2][-]{subsection.4.2}{Focussing the Laser Beam into the Crystal and Optimizing the Harmonic Power}{section.4}% 27
\BOOKMARK [3][-]{subsubsection.4.2.1}{Optimization of Second Harmonic Power}{subsection.4.2}% 28
\BOOKMARK [2][-]{subsection.4.3}{Properties of Second-Harmonic Generation}{section.4}% 29
\BOOKMARK [3][-]{subsubsection.4.3.1}{Harmonic Power vs. Crystal Temperature}{subsection.4.3}% 30
\BOOKMARK [3][-]{subsubsection.4.3.2}{Harmonic Power vs. Fundamental Power}{subsection.4.3}% 31
\BOOKMARK [3][-]{subsubsection.4.3.3}{Harmonic Power vs. Polarization of Fundamental Wave}{subsection.4.3}% 32
\BOOKMARK [2][-]{subsection.4.4}{Comparison of the Wavelengths of Fundamental and Harmonic Waves}{section.4}% 33
\BOOKMARK [3][-]{subsubsection.4.4.1}{Diffraction grating}{subsection.4.4}% 34
\BOOKMARK [2][-]{subsection.4.5}{Interferometric Comparison using Michelson Interferometer}{section.4}% 35
\BOOKMARK [1][-]{section.5}{Conclusion}{}% 36
\BOOKMARK [1][-]{section.6}{Appendix}{}% 37
\BOOKMARK [2][-]{subsection.6.1}{Diode Laser and Power Measurement}{section.6}% 38
\BOOKMARK [3][-]{subsubsection.6.1.1}{Laser Output Power vs. Injection Current}{subsection.6.1}% 39
